[{"stream_name":"stdout","time":16.765995145,"data":"successfully load all pac\n"}
,{"stream_name":"stdout","time":19.288850753,"data":"Files already downloaded and verified\n"}
,{"stream_name":"stdout","time":20.281633219,"data":"Files already downloaded and verified\n"}
,{"stream_name":"stdout","time":20.612500292,"data":"successfully load all pac\n"}
,{"stream_name":"stdout","time":52.001212116,"data":"Epchs: 1, train loss: 19.83, test loss: 3.17, test Accuracy: 54.37%\n"}
,{"stream_name":"stdout","time":82.588289246,"data":"Epchs: 2, train loss: 15.16, test loss: 2.58, test Accuracy: 62.88%\n"}
,{"stream_name":"stdout","time":113.045795736,"data":"Epchs: 3, train loss: 13.06, test loss: 2.36, test Accuracy: 67.02%\n"}
,{"stream_name":"stdout","time":144.080557254,"data":"Epchs: 4, train loss: 11.78, test loss: 2.03, test Accuracy: 72.42%\n"}
,{"stream_name":"stdout","time":175.114220713,"data":"Epchs: 5, train loss: 10.68, test loss: 2.00, test Accuracy: 72.58%\n"}
,{"stream_name":"stdout","time":205.948366771,"data":"Epchs: 6, train loss: 10.05, test loss: 1.84, test Accuracy: 75.35%\n"}
,{"stream_name":"stdout","time":237.095433377,"data":"Epchs: 7, train loss: 9.36, test loss: 1.67, test Accuracy: 77.32%\n"}
,{"stream_name":"stdout","time":267.587818275,"data":"Epchs: 8, train loss: 8.84, test loss: 1.61, test Accuracy: 78.47%\n"}
,{"stream_name":"stdout","time":297.724937065,"data":"Epchs: 9, train loss: 8.39, test loss: 1.56, test Accuracy: 79.11%\n"}
,{"stream_name":"stdout","time":328.11543017,"data":"Epchs: 10, train loss: 7.99, test loss: 1.42, test Accuracy: 80.89%\n"}
,{"stream_name":"stdout","time":358.565480863,"data":"Epchs: 11, train loss: 7.63, test loss: 1.53, test Accuracy: 79.34%\n"}
,{"stream_name":"stdout","time":389.303401905,"data":"Epchs: 12, train loss: 7.34, test loss: 1.38, test Accuracy: 81.67%\n"}
,{"stream_name":"stdout","time":420.828052946,"data":"Epchs: 13, train loss: 7.08, test loss: 1.36, test Accuracy: 81.33%\n"}
,{"stream_name":"stdout","time":452.839122667,"data":"Epchs: 14, train loss: 6.75, test loss: 1.31, test Accuracy: 82.77%\n"}
,{"stream_name":"stdout","time":484.267181158,"data":"Epchs: 15, train loss: 6.53, test loss: 1.35, test Accuracy: 81.64%\n"}
,{"stream_name":"stdout","time":515.427235591,"data":"Epchs: 16, train loss: 6.35, test loss: 1.21, test Accuracy: 84.21%\n"}
,{"stream_name":"stdout","time":546.078439268,"data":"Epchs: 17, train loss: 6.11, test loss: 1.21, test Accuracy: 83.75%\n"}
,{"stream_name":"stdout","time":576.573594456,"data":"Epchs: 18, train loss: 5.90, test loss: 1.33, test Accuracy: 82.39%\n"}
,{"stream_name":"stdout","time":606.583373949,"data":"Epchs: 19, train loss: 5.69, test loss: 1.20, test Accuracy: 84.17%\n"}
,{"stream_name":"stdout","time":636.859605663,"data":"Epchs: 20, train loss: 5.49, test loss: 1.21, test Accuracy: 84.06%\n"}
,{"stream_name":"stdout","time":666.741599355,"data":"Epchs: 21, train loss: 5.39, test loss: 1.18, test Accuracy: 84.53%\n"}
,{"stream_name":"stdout","time":696.832644725,"data":"Epchs: 22, train loss: 5.18, test loss: 1.12, test Accuracy: 84.97%\n"}
,{"stream_name":"stdout","time":727.673627684,"data":"Epchs: 23, train loss: 5.00, test loss: 1.13, test Accuracy: 85.03%\n"}
,{"stream_name":"stdout","time":758.65352364,"data":"Epchs: 24, train loss: 4.86, test loss: 1.13, test Accuracy: 85.23%\n"}
,{"stream_name":"stdout","time":789.387033485,"data":"Epchs: 25, train loss: 4.73, test loss: 1.10, test Accuracy: 85.52%\n"}
,{"stream_name":"stdout","time":819.705355545,"data":"Epchs: 26, train loss: 4.58, test loss: 1.09, test Accuracy: 85.34%\n"}
,{"stream_name":"stdout","time":849.867248177,"data":"Epchs: 27, train loss: 4.47, test loss: 1.04, test Accuracy: 86.73%\n"}
,{"stream_name":"stdout","time":879.997083197,"data":"Epchs: 28, train loss: 4.33, test loss: 1.05, test Accuracy: 86.97%\n"}
,{"stream_name":"stdout","time":910.392901412,"data":"Epchs: 29, train loss: 4.28, test loss: 1.02, test Accuracy: 86.57%\n"}
,{"stream_name":"stdout","time":940.249474451,"data":"Epchs: 30, train loss: 4.11, test loss: 1.00, test Accuracy: 86.88%\n"}
,{"stream_name":"stdout","time":970.474495558,"data":"Epchs: 31, train loss: 3.94, test loss: 1.00, test Accuracy: 86.99%\n"}
,{"stream_name":"stdout","time":1000.588351469,"data":"Epchs: 32, train loss: 3.85, test loss: 1.01, test Accuracy: 87.32%\n"}
,{"stream_name":"stdout","time":1030.754037237,"data":"Epchs: 33, train loss: 3.78, test loss: 1.00, test Accuracy: 87.02%\n"}
,{"stream_name":"stdout","time":1060.569243012,"data":"Epchs: 34, train loss: 3.61, test loss: 1.03, test Accuracy: 87.37%\n"}
,{"stream_name":"stdout","time":1090.340808442,"data":"Epchs: 35, train loss: 3.54, test loss: 1.01, test Accuracy: 86.96%\n"}
,{"stream_name":"stdout","time":1120.536299426,"data":"Epchs: 36, train loss: 3.46, test loss: 1.08, test Accuracy: 86.85%\n"}
,{"stream_name":"stdout","time":1150.21917268,"data":"Epchs: 37, train loss: 3.35, test loss: 1.02, test Accuracy: 87.32%\n"}
,{"stream_name":"stdout","time":1181.176447854,"data":"Epchs: 38, train loss: 3.25, test loss: 1.09, test Accuracy: 87.07%\n"}
,{"stream_name":"stdout","time":1212.242731064,"data":"Epchs: 39, train loss: 3.19, test loss: 1.06, test Accuracy: 87.35%\n"}
,{"stream_name":"stdout","time":1243.210906696,"data":"Epchs: 40, train loss: 3.08, test loss: 1.00, test Accuracy: 87.49%\n"}
,{"stream_name":"stdout","time":1273.678142511,"data":"Epchs: 41, train loss: 3.02, test loss: 1.01, test Accuracy: 87.33%\n"}
,{"stream_name":"stdout","time":1304.187571485,"data":"Epchs: 42, train loss: 2.95, test loss: 1.05, test Accuracy: 87.29%\n"}
,{"stream_name":"stdout","time":1334.281375876,"data":"Epchs: 43, train loss: 2.87, test loss: 0.97, test Accuracy: 87.91%\n"}
,{"stream_name":"stdout","time":1364.238017253,"data":"Epchs: 44, train loss: 2.81, test loss: 1.00, test Accuracy: 87.94%\n"}
,{"stream_name":"stdout","time":1394.414752745,"data":"Epchs: 45, train loss: 2.75, test loss: 1.03, test Accuracy: 88.00%\n"}
,{"stream_name":"stdout","time":1424.487657692,"data":"Epchs: 46, train loss: 2.61, test loss: 1.02, test Accuracy: 88.42%\n"}
,{"stream_name":"stdout","time":1454.609732083,"data":"Epchs: 47, train loss: 2.58, test loss: 1.01, test Accuracy: 88.15%\n"}
,{"stream_name":"stdout","time":1484.634216132,"data":"Epchs: 48, train loss: 2.54, test loss: 0.99, test Accuracy: 88.33%\n"}
,{"stream_name":"stdout","time":1514.504103874,"data":"Epchs: 49, train loss: 2.44, test loss: 0.98, test Accuracy: 88.01%\n"}
,{"stream_name":"stdout","time":1544.753958648,"data":"Epchs: 50, train loss: 2.45, test loss: 1.03, test Accuracy: 88.05%\n"}
,{"stream_name":"stdout","time":1575.102437827,"data":"Epchs: 51, train loss: 2.34, test loss: 1.02, test Accuracy: 88.19%\n"}
,{"stream_name":"stdout","time":1605.194920086,"data":"Epchs: 52, train loss: 2.29, test loss: 1.04, test Accuracy: 88.60%\n"}
,{"stream_name":"stdout","time":1634.914253227,"data":"Epchs: 53, train loss: 2.23, test loss: 1.00, test Accuracy: 88.46%\n"}
,{"stream_name":"stdout","time":1664.767067951,"data":"Epchs: 54, train loss: 2.19, test loss: 1.02, test Accuracy: 88.83%\n"}
,{"stream_name":"stdout","time":1695.129231009,"data":"Epchs: 55, train loss: 2.19, test loss: 0.98, test Accuracy: 88.56%\n"}
,{"stream_name":"stdout","time":1725.158802419,"data":"Epchs: 56, train loss: 2.13, test loss: 1.07, test Accuracy: 88.21%\n"}
,{"stream_name":"stdout","time":1755.675327333,"data":"Epchs: 57, train loss: 2.03, test loss: 0.99, test Accuracy: 88.70%\n"}
,{"stream_name":"stdout","time":1786.126324396,"data":"Epchs: 58, train loss: 1.92, test loss: 1.09, test Accuracy: 88.13%\n"}
,{"stream_name":"stdout","time":1816.843408139,"data":"Epchs: 59, train loss: 2.01, test loss: 1.10, test Accuracy: 88.03%\n"}
,{"stream_name":"stdout","time":1847.599552083,"data":"Epchs: 60, train loss: 1.87, test loss: 1.02, test Accuracy: 89.02%\n"}
,{"stream_name":"stdout","time":1878.529706517,"data":"Epchs: 61, train loss: 1.89, test loss: 1.06, test Accuracy: 88.50%\n"}
,{"stream_name":"stdout","time":1909.107072067,"data":"Epchs: 62, train loss: 1.84, test loss: 1.09, test Accuracy: 88.70%\n"}
,{"stream_name":"stdout","time":1939.42136201,"data":"Epchs: 63, train loss: 1.82, test loss: 1.14, test Accuracy: 88.08%\n"}
,{"stream_name":"stdout","time":1969.737231367,"data":"Epchs: 64, train loss: 1.76, test loss: 1.04, test Accuracy: 88.89%\n"}
,{"stream_name":"stdout","time":2000.223519608,"data":"Epchs: 65, train loss: 1.69, test loss: 1.11, test Accuracy: 88.24%\n"}
,{"stream_name":"stdout","time":2030.48877565,"data":"Epchs: 66, train loss: 1.67, test loss: 1.06, test Accuracy: 88.63%\n"}
,{"stream_name":"stdout","time":2060.578273079,"data":"Epchs: 67, train loss: 1.67, test loss: 1.12, test Accuracy: 88.11%\n"}
,{"stream_name":"stdout","time":2090.747342244,"data":"Epchs: 68, train loss: 1.62, test loss: 1.14, test Accuracy: 88.48%\n"}
,{"stream_name":"stdout","time":2120.524625949,"data":"Epchs: 69, train loss: 1.57, test loss: 1.03, test Accuracy: 88.86%\n"}
,{"stream_name":"stdout","time":2150.897186998,"data":"Epchs: 70, train loss: 1.53, test loss: 1.06, test Accuracy: 89.06%\n"}
,{"stream_name":"stdout","time":2181.005763011,"data":"Epchs: 71, train loss: 1.51, test loss: 1.11, test Accuracy: 88.36%\n"}
,{"stream_name":"stdout","time":2211.24565059,"data":"Epchs: 72, train loss: 1.50, test loss: 1.16, test Accuracy: 88.60%\n"}
,{"stream_name":"stdout","time":2241.665385958,"data":"Epchs: 73, train loss: 1.52, test loss: 1.07, test Accuracy: 88.69%\n"}
,{"stream_name":"stdout","time":2271.816021247,"data":"Epchs: 74, train loss: 1.47, test loss: 1.11, test Accuracy: 88.80%\n"}
,{"stream_name":"stdout","time":2302.160060536,"data":"Epchs: 75, train loss: 1.44, test loss: 1.15, test Accuracy: 88.57%\n"}
,{"stream_name":"stdout","time":2332.516227313,"data":"Epchs: 76, train loss: 1.38, test loss: 1.13, test Accuracy: 88.85%\n"}
,{"stream_name":"stdout","time":2363.072375224,"data":"Epchs: 77, train loss: 1.37, test loss: 1.08, test Accuracy: 88.91%\n"}
,{"stream_name":"stdout","time":2393.680951371,"data":"Epchs: 78, train loss: 1.30, test loss: 1.12, test Accuracy: 89.01%\n"}
,{"stream_name":"stdout","time":2424.242729737,"data":"Epchs: 79, train loss: 1.36, test loss: 1.16, test Accuracy: 88.30%\n"}
,{"stream_name":"stdout","time":2454.824030969,"data":"Epchs: 80, train loss: 1.33, test loss: 1.13, test Accuracy: 88.55%\n"}
,{"stream_name":"stdout","time":2485.248884991,"data":"Epchs: 81, train loss: 1.32, test loss: 1.13, test Accuracy: 89.14%\n"}
,{"stream_name":"stdout","time":2515.779464413,"data":"Epchs: 82, train loss: 1.27, test loss: 1.09, test Accuracy: 88.82%\n"}
,{"stream_name":"stdout","time":2545.997331513,"data":"Epchs: 83, train loss: 1.23, test loss: 1.11, test Accuracy: 88.26%\n"}
,{"stream_name":"stdout","time":2576.126404921,"data":"Epchs: 84, train loss: 1.21, test loss: 1.08, test Accuracy: 88.87%\n"}
,{"stream_name":"stdout","time":2606.154353158,"data":"Epchs: 85, train loss: 1.25, test loss: 1.13, test Accuracy: 88.73%\n"}
,{"stream_name":"stdout","time":2636.545820088,"data":"Epchs: 86, train loss: 1.20, test loss: 1.09, test Accuracy: 88.86%\n"}
,{"stream_name":"stdout","time":2666.599676328,"data":"Epchs: 87, train loss: 1.16, test loss: 1.17, test Accuracy: 88.80%\n"}
,{"stream_name":"stdout","time":2697.506835247,"data":"Epchs: 88, train loss: 1.15, test loss: 1.19, test Accuracy: 88.56%\n"}
,{"stream_name":"stdout","time":2728.183171074,"data":"Epchs: 89, train loss: 1.19, test loss: 1.04, test Accuracy: 89.49%\n"}
,{"stream_name":"stdout","time":2758.545956277,"data":"Epchs: 90, train loss: 1.18, test loss: 1.07, test Accuracy: 89.23%\n"}
,{"stream_name":"stdout","time":2789.018641819,"data":"Epchs: 91, train loss: 1.11, test loss: 1.16, test Accuracy: 89.13%\n"}
,{"stream_name":"stdout","time":2819.544796148,"data":"Epchs: 92, train loss: 1.07, test loss: 1.15, test Accuracy: 89.07%\n"}
,{"stream_name":"stdout","time":2849.893510439,"data":"Epchs: 93, train loss: 1.11, test loss: 1.13, test Accuracy: 88.91%\n"}
,{"stream_name":"stdout","time":2880.437995736,"data":"Epchs: 94, train loss: 1.05, test loss: 1.19, test Accuracy: 88.81%\n"}
,{"stream_name":"stdout","time":2910.95408222,"data":"Epchs: 95, train loss: 1.06, test loss: 1.13, test Accuracy: 89.04%\n"}
,{"stream_name":"stdout","time":2941.536198508,"data":"Epchs: 96, train loss: 1.02, test loss: 1.15, test Accuracy: 88.92%\n"}
,{"stream_name":"stdout","time":2971.919051306,"data":"Epchs: 97, train loss: 1.08, test loss: 1.09, test Accuracy: 89.39%\n"}
,{"stream_name":"stdout","time":3002.422132162,"data":"Epchs: 98, train loss: 1.01, test loss: 1.11, test Accuracy: 89.07%\n"}
,{"stream_name":"stdout","time":3032.779461103,"data":"Epchs: 99, train loss: 1.02, test loss: 1.18, test Accuracy: 88.59%\n"}
,{"stream_name":"stdout","time":3062.792304708,"data":"Epchs: 100, train loss: 1.00, test loss: 1.11, test Accuracy: 89.15%\n"}
,{"stream_name":"stdout","time":3092.626220615,"data":"Epchs: 101, train loss: 0.98, test loss: 1.20, test Accuracy: 89.07%\n"}
,{"stream_name":"stdout","time":3122.374011433,"data":"Epchs: 102, train loss: 0.97, test loss: 1.16, test Accuracy: 89.18%\n"}
,{"stream_name":"stdout","time":3152.444991686,"data":"Epchs: 103, train loss: 0.93, test loss: 1.28, test Accuracy: 88.52%\n"}
,{"stream_name":"stdout","time":3182.551073259,"data":"Epchs: 104, train loss: 1.00, test loss: 1.17, test Accuracy: 88.83%\n"}
,{"stream_name":"stdout","time":3212.626054596,"data":"Epchs: 105, train loss: 0.91, test loss: 1.18, test Accuracy: 88.80%\n"}
,{"stream_name":"stdout","time":3242.947630656,"data":"Epchs: 106, train loss: 0.90, test loss: 1.17, test Accuracy: 89.06%\n"}
,{"stream_name":"stdout","time":3272.866599316,"data":"Epchs: 107, train loss: 0.91, test loss: 1.21, test Accuracy: 89.00%\n"}
,{"stream_name":"stdout","time":3303.006220786,"data":"Epchs: 108, train loss: 0.91, test loss: 1.19, test Accuracy: 88.82%\n"}
,{"stream_name":"stdout","time":3333.069696557,"data":"Epchs: 109, train loss: 0.90, test loss: 1.14, test Accuracy: 89.23%\n"}
,{"stream_name":"stdout","time":3363.328890929,"data":"Epchs: 110, train loss: 0.87, test loss: 1.27, test Accuracy: 88.83%\n"}
,{"stream_name":"stdout","time":3393.317997859,"data":"Epchs: 111, train loss: 0.88, test loss: 1.26, test Accuracy: 88.77%\n"}
,{"stream_name":"stdout","time":3423.35050337,"data":"Epchs: 112, train loss: 0.88, test loss: 1.26, test Accuracy: 88.90%\n"}
,{"stream_name":"stdout","time":3453.657928939,"data":"Epchs: 113, train loss: 0.87, test loss: 1.21, test Accuracy: 88.96%\n"}
,{"stream_name":"stdout","time":3483.707366241,"data":"Epchs: 114, train loss: 0.83, test loss: 1.22, test Accuracy: 88.54%\n"}
,{"stream_name":"stdout","time":3513.616225412,"data":"Epchs: 115, train loss: 0.87, test loss: 1.17, test Accuracy: 89.15%\n"}
,{"stream_name":"stdout","time":3543.208193764,"data":"Epchs: 116, train loss: 0.85, test loss: 1.35, test Accuracy: 88.17%\n"}
,{"stream_name":"stdout","time":3573.454934105,"data":"Epchs: 117, train loss: 0.81, test loss: 1.18, test Accuracy: 89.17%\n"}
,{"stream_name":"stdout","time":3603.239607923,"data":"Epchs: 118, train loss: 0.80, test loss: 1.20, test Accuracy: 88.98%\n"}
,{"stream_name":"stdout","time":3633.35161213,"data":"Epchs: 119, train loss: 0.83, test loss: 1.23, test Accuracy: 88.71%\n"}
,{"stream_name":"stdout","time":3663.176814103,"data":"Epchs: 120, train loss: 0.80, test loss: 1.23, test Accuracy: 89.01%\n"}
,{"stream_name":"stdout","time":3693.319235503,"data":"Epchs: 121, train loss: 0.82, test loss: 1.21, test Accuracy: 89.30%\n"}
,{"stream_name":"stdout","time":3723.648530062,"data":"Epchs: 122, train loss: 0.81, test loss: 1.24, test Accuracy: 89.06%\n"}
,{"stream_name":"stdout","time":3753.519041856,"data":"Epchs: 123, train loss: 0.76, test loss: 1.25, test Accuracy: 88.86%\n"}
,{"stream_name":"stdout","time":3783.579333997,"data":"Epchs: 124, train loss: 0.82, test loss: 1.26, test Accuracy: 88.82%\n"}
,{"stream_name":"stdout","time":3813.344841682,"data":"Epchs: 125, train loss: 0.79, test loss: 1.23, test Accuracy: 88.65%\n"}
,{"stream_name":"stdout","time":3843.317416623,"data":"Epchs: 126, train loss: 0.81, test loss: 1.22, test Accuracy: 88.95%\n"}
,{"stream_name":"stdout","time":3873.283540254,"data":"Epchs: 127, train loss: 0.73, test loss: 1.24, test Accuracy: 89.01%\n"}
,{"stream_name":"stdout","time":3903.455296502,"data":"Epchs: 128, train loss: 0.77, test loss: 1.24, test Accuracy: 88.73%\n"}
,{"stream_name":"stdout","time":3933.67246296,"data":"Epchs: 129, train loss: 0.76, test loss: 1.18, test Accuracy: 89.00%\n"}
,{"stream_name":"stdout","time":3963.534690135,"data":"Epchs: 130, train loss: 0.78, test loss: 1.23, test Accuracy: 89.45%\n"}
,{"stream_name":"stdout","time":3993.123895305,"data":"Epchs: 131, train loss: 0.74, test loss: 1.18, test Accuracy: 89.09%\n"}
,{"stream_name":"stdout","time":4023.350903068,"data":"Epchs: 132, train loss: 0.69, test loss: 1.25, test Accuracy: 88.85%\n"}
,{"stream_name":"stdout","time":4053.590777903,"data":"Epchs: 133, train loss: 0.71, test loss: 1.33, test Accuracy: 88.27%\n"}
,{"stream_name":"stdout","time":4083.951033184,"data":"Epchs: 134, train loss: 0.75, test loss: 1.13, test Accuracy: 89.49%\n"}
,{"stream_name":"stdout","time":4113.846738289,"data":"Epchs: 135, train loss: 0.70, test loss: 1.25, test Accuracy: 89.25%\n"}
,{"stream_name":"stdout","time":4143.892553553,"data":"Epchs: 136, train loss: 0.73, test loss: 1.18, test Accuracy: 89.21%\n"}
,{"stream_name":"stdout","time":4174.155508182,"data":"Epchs: 137, train loss: 0.71, test loss: 1.33, test Accuracy: 88.49%\n"}
,{"stream_name":"stdout","time":4204.298252231,"data":"Epchs: 138, train loss: 0.65, test loss: 1.28, test Accuracy: 89.27%\n"}
,{"stream_name":"stdout","time":4234.646480715,"data":"Epchs: 139, train loss: 0.67, test loss: 1.23, test Accuracy: 89.17%\n"}
,{"stream_name":"stdout","time":4264.797402098,"data":"Epchs: 140, train loss: 0.69, test loss: 1.28, test Accuracy: 88.78%\n"}
,{"stream_name":"stdout","time":4294.813988848,"data":"Epchs: 141, train loss: 0.66, test loss: 1.37, test Accuracy: 88.81%\n"}
,{"stream_name":"stdout","time":4324.96183355,"data":"Epchs: 142, train loss: 0.66, test loss: 1.26, test Accuracy: 89.23%\n"}
,{"stream_name":"stdout","time":4355.329076156,"data":"Epchs: 143, train loss: 0.66, test loss: 1.38, test Accuracy: 88.42%\n"}
,{"stream_name":"stdout","time":4385.063079607,"data":"Epchs: 144, train loss: 0.62, test loss: 1.34, test Accuracy: 88.99%\n"}
,{"stream_name":"stdout","time":4414.71567962,"data":"Epchs: 145, train loss: 0.70, test loss: 1.31, test Accuracy: 88.91%\n"}
,{"stream_name":"stdout","time":4444.640612783,"data":"Epchs: 146, train loss: 0.68, test loss: 1.29, test Accuracy: 88.64%\n"}
,{"stream_name":"stdout","time":4475.052298408,"data":"Epchs: 147, train loss: 0.62, test loss: 1.20, test Accuracy: 89.69%\n"}
,{"stream_name":"stdout","time":4505.210340695,"data":"Epchs: 148, train loss: 0.64, test loss: 1.27, test Accuracy: 89.14%\n"}
,{"stream_name":"stdout","time":4535.457649174,"data":"Epchs: 149, train loss: 0.67, test loss: 1.29, test Accuracy: 89.18%\n"}
,{"stream_name":"stdout","time":4565.916936814,"data":"Epchs: 150, train loss: 0.65, test loss: 1.35, test Accuracy: 88.76%\n"}
,{"stream_name":"stdout","time":4565.916989738,"data":"Finished Training\n"}
,{"stream_name":"stderr","time":4566.031799535,"data":"\u003cipython-input-2-e80770326886\u003e:233: UserWarning: This figure includes Axes that are not compatible with tight_layout, so results might be incorrect.\n"}
,{"stream_name":"stderr","time":4566.031844232,"data":"  plt.tight_layout()\n"}
,{"stream_name":"stderr","time":4571.383818924,"data":"/usr/local/lib/python3.10/dist-packages/traitlets/traitlets.py:2915: FutureWarning: --Exporter.preprocessors=[\"remove_papermill_header.RemovePapermillHeader\"] for containers is deprecated in traitlets 5.0. You can pass `--Exporter.preprocessors item` ... multiple times to add items to a list.\n"}
,{"stream_name":"stderr","time":4571.383862175,"data":"  warn(\n"}
,{"stream_name":"stderr","time":4571.414895421,"data":"[NbConvertApp] Converting notebook __notebook__.ipynb to notebook\n"}
,{"stream_name":"stderr","time":4571.734839351,"data":"[NbConvertApp] Writing 136287 bytes to __notebook__.ipynb\n"}
,{"stream_name":"stderr","time":4573.001609053,"data":"/usr/local/lib/python3.10/dist-packages/traitlets/traitlets.py:2915: FutureWarning: --Exporter.preprocessors=[\"nbconvert.preprocessors.ExtractOutputPreprocessor\"] for containers is deprecated in traitlets 5.0. You can pass `--Exporter.preprocessors item` ... multiple times to add items to a list.\n"}
,{"stream_name":"stderr","time":4573.001646425,"data":"  warn(\n"}
,{"stream_name":"stderr","time":4573.027247219,"data":"[NbConvertApp] Converting notebook __notebook__.ipynb to html\n"}
,{"stream_name":"stderr","time":4573.820605371,"data":"[NbConvertApp] Support files will be in __results___files/\n"}
,{"stream_name":"stderr","time":4573.820639278,"data":"[NbConvertApp] Making directory __results___files\n"}
,{"stream_name":"stderr","time":4573.820992743,"data":"[NbConvertApp] Writing 345245 bytes to __results__.html\n"}
]