[{"stream_name":"stdout","time":16.722046153,"data":"successfully load all pac\n"}
,{"stream_name":"stdout","time":19.408525817,"data":"Files already downloaded and verified\n"}
,{"stream_name":"stdout","time":20.418598812,"data":"Files already downloaded and verified\n"}
,{"stream_name":"stdout","time":20.764359829,"data":"successfully load all pac\n"}
,{"stream_name":"stdout","time":53.097423019,"data":"Epchs: 1, train loss: 19.99, test loss: 3.25, test Accuracy: 51.56%\n"}
,{"stream_name":"stdout","time":84.044217498,"data":"Epchs: 2, train loss: 15.22, test loss: 2.59, test Accuracy: 63.49%\n"}
,{"stream_name":"stdout","time":114.919764465,"data":"Epchs: 3, train loss: 12.94, test loss: 2.28, test Accuracy: 67.92%\n"}
,{"stream_name":"stdout","time":145.889203949,"data":"Epchs: 4, train loss: 11.58, test loss: 2.17, test Accuracy: 70.38%\n"}
,{"stream_name":"stdout","time":176.630398741,"data":"Epchs: 5, train loss: 10.71, test loss: 1.85, test Accuracy: 74.89%\n"}
,{"stream_name":"stdout","time":207.461339069,"data":"Epchs: 6, train loss: 9.93, test loss: 1.87, test Accuracy: 74.30%\n"}
,{"stream_name":"stdout","time":238.397785133,"data":"Epchs: 7, train loss: 9.37, test loss: 1.60, test Accuracy: 78.35%\n"}
,{"stream_name":"stdout","time":269.5985972,"data":"Epchs: 8, train loss: 8.86, test loss: 1.63, test Accuracy: 77.79%\n"}
,{"stream_name":"stdout","time":300.75908032,"data":"Epchs: 9, train loss: 8.31, test loss: 1.54, test Accuracy: 79.06%\n"}
,{"stream_name":"stdout","time":332.151948243,"data":"Epchs: 10, train loss: 7.94, test loss: 1.45, test Accuracy: 80.35%\n"}
,{"stream_name":"stdout","time":363.658609733,"data":"Epchs: 11, train loss: 7.59, test loss: 1.39, test Accuracy: 81.21%\n"}
,{"stream_name":"stdout","time":394.973775964,"data":"Epchs: 12, train loss: 7.24, test loss: 1.33, test Accuracy: 82.20%\n"}
,{"stream_name":"stdout","time":425.93746708,"data":"Epchs: 13, train loss: 7.01, test loss: 1.38, test Accuracy: 81.50%\n"}
,{"stream_name":"stdout","time":456.962191027,"data":"Epchs: 14, train loss: 6.73, test loss: 1.29, test Accuracy: 82.85%\n"}
,{"stream_name":"stdout","time":487.614178343,"data":"Epchs: 15, train loss: 6.43, test loss: 1.28, test Accuracy: 82.78%\n"}
,{"stream_name":"stdout","time":518.082835672,"data":"Epchs: 16, train loss: 6.26, test loss: 1.26, test Accuracy: 83.18%\n"}
,{"stream_name":"stdout","time":548.846427743,"data":"Epchs: 17, train loss: 6.05, test loss: 1.23, test Accuracy: 83.50%\n"}
,{"stream_name":"stdout","time":580.01735586,"data":"Epchs: 18, train loss: 5.86, test loss: 1.15, test Accuracy: 84.83%\n"}
,{"stream_name":"stdout","time":611.539093031,"data":"Epchs: 19, train loss: 5.64, test loss: 1.15, test Accuracy: 84.66%\n"}
,{"stream_name":"stdout","time":642.93963702,"data":"Epchs: 20, train loss: 5.46, test loss: 1.17, test Accuracy: 84.08%\n"}
,{"stream_name":"stdout","time":674.361172315,"data":"Epchs: 21, train loss: 5.27, test loss: 1.16, test Accuracy: 84.33%\n"}
,{"stream_name":"stdout","time":705.652456439,"data":"Epchs: 22, train loss: 5.18, test loss: 1.12, test Accuracy: 84.75%\n"}
,{"stream_name":"stdout","time":737.054231055,"data":"Epchs: 23, train loss: 4.96, test loss: 1.13, test Accuracy: 85.30%\n"}
,{"stream_name":"stdout","time":768.194253432,"data":"Epchs: 24, train loss: 4.82, test loss: 1.11, test Accuracy: 85.26%\n"}
,{"stream_name":"stdout","time":799.318204153,"data":"Epchs: 25, train loss: 4.71, test loss: 1.11, test Accuracy: 85.85%\n"}
,{"stream_name":"stdout","time":830.464560645,"data":"Epchs: 26, train loss: 4.54, test loss: 1.08, test Accuracy: 86.13%\n"}
,{"stream_name":"stdout","time":861.598455858,"data":"Epchs: 27, train loss: 4.44, test loss: 1.02, test Accuracy: 86.61%\n"}
,{"stream_name":"stdout","time":893.066080873,"data":"Epchs: 28, train loss: 4.29, test loss: 1.09, test Accuracy: 86.16%\n"}
,{"stream_name":"stdout","time":924.291769053,"data":"Epchs: 29, train loss: 4.14, test loss: 1.05, test Accuracy: 86.93%\n"}
,{"stream_name":"stdout","time":955.829324933,"data":"Epchs: 30, train loss: 4.05, test loss: 1.03, test Accuracy: 86.83%\n"}
,{"stream_name":"stdout","time":987.34791827,"data":"Epchs: 31, train loss: 3.94, test loss: 1.12, test Accuracy: 86.38%\n"}
,{"stream_name":"stdout","time":1018.369634079,"data":"Epchs: 32, train loss: 3.86, test loss: 1.03, test Accuracy: 86.93%\n"}
,{"stream_name":"stdout","time":1049.815900222,"data":"Epchs: 33, train loss: 3.70, test loss: 1.04, test Accuracy: 86.98%\n"}
,{"stream_name":"stdout","time":1081.168180892,"data":"Epchs: 34, train loss: 3.58, test loss: 1.05, test Accuracy: 86.64%\n"}
,{"stream_name":"stdout","time":1111.993100234,"data":"Epchs: 35, train loss: 3.54, test loss: 1.08, test Accuracy: 87.05%\n"}
,{"stream_name":"stdout","time":1143.210217693,"data":"Epchs: 36, train loss: 3.47, test loss: 1.04, test Accuracy: 86.88%\n"}
,{"stream_name":"stdout","time":1174.095259545,"data":"Epchs: 37, train loss: 3.27, test loss: 1.06, test Accuracy: 87.29%\n"}
,{"stream_name":"stdout","time":1205.394189525,"data":"Epchs: 38, train loss: 3.22, test loss: 1.01, test Accuracy: 87.85%\n"}
,{"stream_name":"stdout","time":1236.195788872,"data":"Epchs: 39, train loss: 3.15, test loss: 1.05, test Accuracy: 86.91%\n"}
,{"stream_name":"stdout","time":1266.932825188,"data":"Epchs: 40, train loss: 3.08, test loss: 1.07, test Accuracy: 87.18%\n"}
,{"stream_name":"stdout","time":1297.82823925,"data":"Epchs: 41, train loss: 2.98, test loss: 0.99, test Accuracy: 88.03%\n"}
,{"stream_name":"stdout","time":1328.989591563,"data":"Epchs: 42, train loss: 2.89, test loss: 1.01, test Accuracy: 87.61%\n"}
,{"stream_name":"stdout","time":1359.865909172,"data":"Epchs: 43, train loss: 2.87, test loss: 0.98, test Accuracy: 88.11%\n"}
,{"stream_name":"stdout","time":1390.401594857,"data":"Epchs: 44, train loss: 2.77, test loss: 1.01, test Accuracy: 87.91%\n"}
,{"stream_name":"stdout","time":1420.98920376,"data":"Epchs: 45, train loss: 2.73, test loss: 1.02, test Accuracy: 88.14%\n"}
,{"stream_name":"stdout","time":1451.829782225,"data":"Epchs: 46, train loss: 2.68, test loss: 1.06, test Accuracy: 87.97%\n"}
,{"stream_name":"stdout","time":1483.085144062,"data":"Epchs: 47, train loss: 2.58, test loss: 1.07, test Accuracy: 87.79%\n"}
,{"stream_name":"stdout","time":1513.872322128,"data":"Epchs: 48, train loss: 2.52, test loss: 1.06, test Accuracy: 87.69%\n"}
,{"stream_name":"stdout","time":1544.154039938,"data":"Epchs: 49, train loss: 2.46, test loss: 1.10, test Accuracy: 87.27%\n"}
,{"stream_name":"stdout","time":1574.538897566,"data":"Epchs: 50, train loss: 2.46, test loss: 1.01, test Accuracy: 88.52%\n"}
,{"stream_name":"stdout","time":1605.155098909,"data":"Epchs: 51, train loss: 2.26, test loss: 1.06, test Accuracy: 87.91%\n"}
,{"stream_name":"stdout","time":1635.585437971,"data":"Epchs: 52, train loss: 2.30, test loss: 1.09, test Accuracy: 88.15%\n"}
,{"stream_name":"stdout","time":1665.772107111,"data":"Epchs: 53, train loss: 2.23, test loss: 1.08, test Accuracy: 87.58%\n"}
,{"stream_name":"stdout","time":1695.946065604,"data":"Epchs: 54, train loss: 2.13, test loss: 1.00, test Accuracy: 88.43%\n"}
,{"stream_name":"stdout","time":1726.243771511,"data":"Epchs: 55, train loss: 2.07, test loss: 1.05, test Accuracy: 88.47%\n"}
,{"stream_name":"stdout","time":1756.275787175,"data":"Epchs: 56, train loss: 2.08, test loss: 1.12, test Accuracy: 87.78%\n"}
,{"stream_name":"stdout","time":1786.294872591,"data":"Epchs: 57, train loss: 2.00, test loss: 1.04, test Accuracy: 88.43%\n"}
,{"stream_name":"stdout","time":1816.038698181,"data":"Epchs: 58, train loss: 2.04, test loss: 1.08, test Accuracy: 88.13%\n"}
,{"stream_name":"stdout","time":1846.108438912,"data":"Epchs: 59, train loss: 1.90, test loss: 1.07, test Accuracy: 87.99%\n"}
,{"stream_name":"stdout","time":1875.870457893,"data":"Epchs: 60, train loss: 1.91, test loss: 1.13, test Accuracy: 87.87%\n"}
,{"stream_name":"stdout","time":1905.671754517,"data":"Epchs: 61, train loss: 1.87, test loss: 1.12, test Accuracy: 88.19%\n"}
,{"stream_name":"stdout","time":1935.481911332,"data":"Epchs: 62, train loss: 1.85, test loss: 1.08, test Accuracy: 88.58%\n"}
,{"stream_name":"stdout","time":1965.223793554,"data":"Epchs: 63, train loss: 1.80, test loss: 1.09, test Accuracy: 88.81%\n"}
,{"stream_name":"stdout","time":1994.758618312,"data":"Epchs: 64, train loss: 1.69, test loss: 1.10, test Accuracy: 88.00%\n"}
,{"stream_name":"stdout","time":2024.756725078,"data":"Epchs: 65, train loss: 1.74, test loss: 1.11, test Accuracy: 88.15%\n"}
,{"stream_name":"stdout","time":2054.836621413,"data":"Epchs: 66, train loss: 1.69, test loss: 1.08, test Accuracy: 88.22%\n"}
,{"stream_name":"stdout","time":2084.637577596,"data":"Epchs: 67, train loss: 1.67, test loss: 1.07, test Accuracy: 88.76%\n"}
,{"stream_name":"stdout","time":2114.412954508,"data":"Epchs: 68, train loss: 1.62, test loss: 1.10, test Accuracy: 88.24%\n"}
,{"stream_name":"stdout","time":2144.250303583,"data":"Epchs: 69, train loss: 1.58, test loss: 1.11, test Accuracy: 88.29%\n"}
,{"stream_name":"stdout","time":2173.754919341,"data":"Epchs: 70, train loss: 1.56, test loss: 1.09, test Accuracy: 88.52%\n"}
,{"stream_name":"stdout","time":2204.016573107,"data":"Epchs: 71, train loss: 1.54, test loss: 1.10, test Accuracy: 88.80%\n"}
,{"stream_name":"stdout","time":2234.063318491,"data":"Epchs: 72, train loss: 1.53, test loss: 1.11, test Accuracy: 88.56%\n"}
,{"stream_name":"stdout","time":2264.307517267,"data":"Epchs: 73, train loss: 1.47, test loss: 1.12, test Accuracy: 88.31%\n"}
,{"stream_name":"stdout","time":2294.49024442,"data":"Epchs: 74, train loss: 1.48, test loss: 1.15, test Accuracy: 88.43%\n"}
,{"stream_name":"stdout","time":2324.702323861,"data":"Epchs: 75, train loss: 1.41, test loss: 1.12, test Accuracy: 88.91%\n"}
,{"stream_name":"stdout","time":2354.515974582,"data":"Epchs: 76, train loss: 1.42, test loss: 1.18, test Accuracy: 87.96%\n"}
,{"stream_name":"stdout","time":2384.637939416,"data":"Epchs: 77, train loss: 1.38, test loss: 1.10, test Accuracy: 88.67%\n"}
,{"stream_name":"stdout","time":2414.645860226,"data":"Epchs: 78, train loss: 1.36, test loss: 1.11, test Accuracy: 88.65%\n"}
,{"stream_name":"stdout","time":2444.385037248,"data":"Epchs: 79, train loss: 1.37, test loss: 1.14, test Accuracy: 88.57%\n"}
,{"stream_name":"stdout","time":2474.189057245,"data":"Epchs: 80, train loss: 1.32, test loss: 1.11, test Accuracy: 88.74%\n"}
,{"stream_name":"stdout","time":2504.250408923,"data":"Epchs: 81, train loss: 1.29, test loss: 1.17, test Accuracy: 88.14%\n"}
,{"stream_name":"stdout","time":2534.066339934,"data":"Epchs: 82, train loss: 1.25, test loss: 1.17, test Accuracy: 88.45%\n"}
,{"stream_name":"stdout","time":2564.038728967,"data":"Epchs: 83, train loss: 1.25, test loss: 1.23, test Accuracy: 88.37%\n"}
,{"stream_name":"stdout","time":2593.460904519,"data":"Epchs: 84, train loss: 1.23, test loss: 1.25, test Accuracy: 88.36%\n"}
,{"stream_name":"stdout","time":2623.526728077,"data":"Epchs: 85, train loss: 1.24, test loss: 1.15, test Accuracy: 88.91%\n"}
,{"stream_name":"stdout","time":2653.294168889,"data":"Epchs: 86, train loss: 1.21, test loss: 1.19, test Accuracy: 88.03%\n"}
,{"stream_name":"stdout","time":2683.264726904,"data":"Epchs: 87, train loss: 1.16, test loss: 1.26, test Accuracy: 88.20%\n"}
,{"stream_name":"stdout","time":2712.743476805,"data":"Epchs: 88, train loss: 1.18, test loss: 1.27, test Accuracy: 88.21%\n"}
,{"stream_name":"stdout","time":2742.673975624,"data":"Epchs: 89, train loss: 1.14, test loss: 1.18, test Accuracy: 88.62%\n"}
,{"stream_name":"stdout","time":2772.527627897,"data":"Epchs: 90, train loss: 1.12, test loss: 1.19, test Accuracy: 88.47%\n"}
,{"stream_name":"stdout","time":2802.422579824,"data":"Epchs: 91, train loss: 1.09, test loss: 1.23, test Accuracy: 87.78%\n"}
,{"stream_name":"stdout","time":2832.244828724,"data":"Epchs: 92, train loss: 1.10, test loss: 1.23, test Accuracy: 88.38%\n"}
,{"stream_name":"stdout","time":2862.186784438,"data":"Epchs: 93, train loss: 1.12, test loss: 1.18, test Accuracy: 88.61%\n"}
,{"stream_name":"stdout","time":2892.006552162,"data":"Epchs: 94, train loss: 1.07, test loss: 1.15, test Accuracy: 88.55%\n"}
,{"stream_name":"stdout","time":2921.997853807,"data":"Epchs: 95, train loss: 1.03, test loss: 1.24, test Accuracy: 88.67%\n"}
,{"stream_name":"stdout","time":2951.920191287,"data":"Epchs: 96, train loss: 1.03, test loss: 1.20, test Accuracy: 88.86%\n"}
,{"stream_name":"stdout","time":2981.750567328,"data":"Epchs: 97, train loss: 1.00, test loss: 1.18, test Accuracy: 88.87%\n"}
,{"stream_name":"stdout","time":3011.471521557,"data":"Epchs: 98, train loss: 1.01, test loss: 1.16, test Accuracy: 88.76%\n"}
,{"stream_name":"stdout","time":3041.2962634,"data":"Epchs: 99, train loss: 0.99, test loss: 1.19, test Accuracy: 88.30%\n"}
,{"stream_name":"stdout","time":3071.259474399,"data":"Epchs: 100, train loss: 1.01, test loss: 1.17, test Accuracy: 88.90%\n"}
,{"stream_name":"stdout","time":3101.217455257,"data":"Epchs: 101, train loss: 0.93, test loss: 1.21, test Accuracy: 88.93%\n"}
,{"stream_name":"stdout","time":3131.075764436,"data":"Epchs: 102, train loss: 0.99, test loss: 1.23, test Accuracy: 88.75%\n"}
,{"stream_name":"stdout","time":3161.373708756,"data":"Epchs: 103, train loss: 0.94, test loss: 1.15, test Accuracy: 88.77%\n"}
,{"stream_name":"stdout","time":3191.766279323,"data":"Epchs: 104, train loss: 0.95, test loss: 1.27, test Accuracy: 88.61%\n"}
,{"stream_name":"stdout","time":3222.204125468,"data":"Epchs: 105, train loss: 0.98, test loss: 1.18, test Accuracy: 88.95%\n"}
,{"stream_name":"stdout","time":3252.672602065,"data":"Epchs: 106, train loss: 0.92, test loss: 1.11, test Accuracy: 88.88%\n"}
,{"stream_name":"stdout","time":3282.751913614,"data":"Epchs: 107, train loss: 0.92, test loss: 1.23, test Accuracy: 88.77%\n"}
,{"stream_name":"stdout","time":3313.022482418,"data":"Epchs: 108, train loss: 0.90, test loss: 1.25, test Accuracy: 88.07%\n"}
,{"stream_name":"stdout","time":3343.236840819,"data":"Epchs: 109, train loss: 0.90, test loss: 1.23, test Accuracy: 88.24%\n"}
,{"stream_name":"stdout","time":3373.301541365,"data":"Epchs: 110, train loss: 0.92, test loss: 1.27, test Accuracy: 88.61%\n"}
,{"stream_name":"stdout","time":3403.715108927,"data":"Epchs: 111, train loss: 0.89, test loss: 1.22, test Accuracy: 88.19%\n"}
,{"stream_name":"stdout","time":3434.13458693,"data":"Epchs: 112, train loss: 0.89, test loss: 1.22, test Accuracy: 88.88%\n"}
,{"stream_name":"stdout","time":3464.425125057,"data":"Epchs: 113, train loss: 0.87, test loss: 1.18, test Accuracy: 89.53%\n"}
,{"stream_name":"stdout","time":3494.513391237,"data":"Epchs: 114, train loss: 0.85, test loss: 1.32, test Accuracy: 88.81%\n"}
,{"stream_name":"stdout","time":3524.070507706,"data":"Epchs: 115, train loss: 0.81, test loss: 1.23, test Accuracy: 88.99%\n"}
,{"stream_name":"stdout","time":3554.47902883,"data":"Epchs: 116, train loss: 0.84, test loss: 1.14, test Accuracy: 89.52%\n"}
,{"stream_name":"stdout","time":3584.783032565,"data":"Epchs: 117, train loss: 0.82, test loss: 1.26, test Accuracy: 89.06%\n"}
,{"stream_name":"stdout","time":3615.266523737,"data":"Epchs: 118, train loss: 0.84, test loss: 1.25, test Accuracy: 88.95%\n"}
,{"stream_name":"stdout","time":3645.558478857,"data":"Epchs: 119, train loss: 0.82, test loss: 1.24, test Accuracy: 89.05%\n"}
,{"stream_name":"stdout","time":3675.776253582,"data":"Epchs: 120, train loss: 0.83, test loss: 1.16, test Accuracy: 89.33%\n"}
,{"stream_name":"stdout","time":3706.153053844,"data":"Epchs: 121, train loss: 0.80, test loss: 1.20, test Accuracy: 88.66%\n"}
,{"stream_name":"stdout","time":3736.467433616,"data":"Epchs: 122, train loss: 0.80, test loss: 1.26, test Accuracy: 88.81%\n"}
,{"stream_name":"stdout","time":3766.663722422,"data":"Epchs: 123, train loss: 0.80, test loss: 1.27, test Accuracy: 89.08%\n"}
,{"stream_name":"stdout","time":3796.908406797,"data":"Epchs: 124, train loss: 0.75, test loss: 1.30, test Accuracy: 88.55%\n"}
,{"stream_name":"stdout","time":3826.960677836,"data":"Epchs: 125, train loss: 0.75, test loss: 1.34, test Accuracy: 88.41%\n"}
,{"stream_name":"stdout","time":3857.678096568,"data":"Epchs: 126, train loss: 0.78, test loss: 1.26, test Accuracy: 89.09%\n"}
,{"stream_name":"stdout","time":3888.549725511,"data":"Epchs: 127, train loss: 0.74, test loss: 1.28, test Accuracy: 88.84%\n"}
,{"stream_name":"stdout","time":3919.150361402,"data":"Epchs: 128, train loss: 0.77, test loss: 1.29, test Accuracy: 88.63%\n"}
,{"stream_name":"stdout","time":3950.047813108,"data":"Epchs: 129, train loss: 0.72, test loss: 1.29, test Accuracy: 88.76%\n"}
,{"stream_name":"stdout","time":3980.893264547,"data":"Epchs: 130, train loss: 0.77, test loss: 1.23, test Accuracy: 89.16%\n"}
,{"stream_name":"stdout","time":4011.462808777,"data":"Epchs: 131, train loss: 0.72, test loss: 1.30, test Accuracy: 88.58%\n"}
,{"stream_name":"stdout","time":4042.011213699,"data":"Epchs: 132, train loss: 0.77, test loss: 1.26, test Accuracy: 88.69%\n"}
,{"stream_name":"stdout","time":4072.403310927,"data":"Epchs: 133, train loss: 0.74, test loss: 1.22, test Accuracy: 88.53%\n"}
,{"stream_name":"stdout","time":4102.857017129,"data":"Epchs: 134, train loss: 0.71, test loss: 1.24, test Accuracy: 88.58%\n"}
,{"stream_name":"stdout","time":4133.607783322,"data":"Epchs: 135, train loss: 0.69, test loss: 1.31, test Accuracy: 88.70%\n"}
,{"stream_name":"stdout","time":4164.206191016,"data":"Epchs: 136, train loss: 0.73, test loss: 1.17, test Accuracy: 89.12%\n"}
,{"stream_name":"stdout","time":4194.643858047,"data":"Epchs: 137, train loss: 0.70, test loss: 1.26, test Accuracy: 88.96%\n"}
,{"stream_name":"stdout","time":4225.264634585,"data":"Epchs: 138, train loss: 0.69, test loss: 1.20, test Accuracy: 88.65%\n"}
,{"stream_name":"stdout","time":4255.759852804,"data":"Epchs: 139, train loss: 0.71, test loss: 1.25, test Accuracy: 88.76%\n"}
,{"stream_name":"stdout","time":4286.356377218,"data":"Epchs: 140, train loss: 0.74, test loss: 1.28, test Accuracy: 88.97%\n"}
,{"stream_name":"stdout","time":4316.930416553,"data":"Epchs: 141, train loss: 0.68, test loss: 1.27, test Accuracy: 88.98%\n"}
,{"stream_name":"stdout","time":4347.402822136,"data":"Epchs: 142, train loss: 0.66, test loss: 1.41, test Accuracy: 88.88%\n"}
,{"stream_name":"stdout","time":4377.833123978,"data":"Epchs: 143, train loss: 0.69, test loss: 1.24, test Accuracy: 88.61%\n"}
,{"stream_name":"stdout","time":4408.521558519,"data":"Epchs: 144, train loss: 0.71, test loss: 1.27, test Accuracy: 88.83%\n"}
,{"stream_name":"stdout","time":4439.091149242,"data":"Epchs: 145, train loss: 0.66, test loss: 1.27, test Accuracy: 88.82%\n"}
,{"stream_name":"stdout","time":4469.578730596,"data":"Epchs: 146, train loss: 0.65, test loss: 1.29, test Accuracy: 88.46%\n"}
,{"stream_name":"stdout","time":4499.937728548,"data":"Epchs: 147, train loss: 0.65, test loss: 1.24, test Accuracy: 89.05%\n"}
,{"stream_name":"stdout","time":4530.313525914,"data":"Epchs: 148, train loss: 0.65, test loss: 1.35, test Accuracy: 88.56%\n"}
,{"stream_name":"stdout","time":4560.308878367,"data":"Epchs: 149, train loss: 0.66, test loss: 1.34, test Accuracy: 88.41%\n"}
,{"stream_name":"stdout","time":4590.115880581,"data":"Epchs: 150, train loss: 0.71, test loss: 1.27, test Accuracy: 88.39%\n"}
,{"stream_name":"stdout","time":4620.192819861,"data":"Epchs: 151, train loss: 0.64, test loss: 1.31, test Accuracy: 88.49%\n"}
,{"stream_name":"stdout","time":4650.812731494,"data":"Epchs: 152, train loss: 0.64, test loss: 1.33, test Accuracy: 88.63%\n"}
,{"stream_name":"stdout","time":4680.963983168,"data":"Epchs: 153, train loss: 0.62, test loss: 1.34, test Accuracy: 88.65%\n"}
,{"stream_name":"stdout","time":4711.203560657,"data":"Epchs: 154, train loss: 0.60, test loss: 1.34, test Accuracy: 88.67%\n"}
,{"stream_name":"stdout","time":4741.606034457,"data":"Epchs: 155, train loss: 0.64, test loss: 1.28, test Accuracy: 88.53%\n"}
,{"stream_name":"stdout","time":4771.918934883,"data":"Epchs: 156, train loss: 0.63, test loss: 1.32, test Accuracy: 88.48%\n"}
,{"stream_name":"stdout","time":4802.730178182,"data":"Epchs: 157, train loss: 0.62, test loss: 1.45, test Accuracy: 88.53%\n"}
,{"stream_name":"stdout","time":4833.224609078,"data":"Epchs: 158, train loss: 0.61, test loss: 1.34, test Accuracy: 88.75%\n"}
,{"stream_name":"stdout","time":4863.793878834,"data":"Epchs: 159, train loss: 0.62, test loss: 1.30, test Accuracy: 88.46%\n"}
,{"stream_name":"stdout","time":4894.042348612,"data":"Epchs: 160, train loss: 0.57, test loss: 1.30, test Accuracy: 89.11%\n"}
,{"stream_name":"stdout","time":4924.638413026,"data":"Epchs: 161, train loss: 0.62, test loss: 1.34, test Accuracy: 88.92%\n"}
,{"stream_name":"stdout","time":4954.72821752,"data":"Epchs: 162, train loss: 0.58, test loss: 1.33, test Accuracy: 88.57%\n"}
,{"stream_name":"stdout","time":4984.764103953,"data":"Epchs: 163, train loss: 0.59, test loss: 1.35, test Accuracy: 88.32%\n"}
,{"stream_name":"stdout","time":5014.365780582,"data":"Epchs: 164, train loss: 0.61, test loss: 1.37, test Accuracy: 88.50%\n"}
,{"stream_name":"stdout","time":5043.895678871,"data":"Epchs: 165, train loss: 0.56, test loss: 1.34, test Accuracy: 88.44%\n"}
,{"stream_name":"stdout","time":5073.668126498,"data":"Epchs: 166, train loss: 0.62, test loss: 1.28, test Accuracy: 88.50%\n"}
,{"stream_name":"stdout","time":5103.186902334,"data":"Epchs: 167, train loss: 0.56, test loss: 1.35, test Accuracy: 88.71%\n"}
,{"stream_name":"stdout","time":5133.122792671,"data":"Epchs: 168, train loss: 0.60, test loss: 1.36, test Accuracy: 88.48%\n"}
,{"stream_name":"stdout","time":5163.121625161,"data":"Epchs: 169, train loss: 0.58, test loss: 1.25, test Accuracy: 88.64%\n"}
,{"stream_name":"stdout","time":5192.932342532,"data":"Epchs: 170, train loss: 0.60, test loss: 1.24, test Accuracy: 89.01%\n"}
,{"stream_name":"stdout","time":5222.749287487,"data":"Epchs: 171, train loss: 0.57, test loss: 1.39, test Accuracy: 88.48%\n"}
,{"stream_name":"stdout","time":5252.670520979,"data":"Epchs: 172, train loss: 0.58, test loss: 1.35, test Accuracy: 89.17%\n"}
,{"stream_name":"stdout","time":5283.093954242,"data":"Epchs: 173, train loss: 0.52, test loss: 1.40, test Accuracy: 88.48%\n"}
,{"stream_name":"stdout","time":5312.972739923,"data":"Epchs: 174, train loss: 0.58, test loss: 1.41, test Accuracy: 88.57%\n"}
,{"stream_name":"stdout","time":5342.673062556,"data":"Epchs: 175, train loss: 0.59, test loss: 1.36, test Accuracy: 88.93%\n"}
,{"stream_name":"stdout","time":5371.811819174,"data":"Epchs: 176, train loss: 0.54, test loss: 1.33, test Accuracy: 88.95%\n"}
,{"stream_name":"stdout","time":5401.324094675,"data":"Epchs: 177, train loss: 0.52, test loss: 1.33, test Accuracy: 88.74%\n"}
,{"stream_name":"stdout","time":5432.569662891,"data":"Epchs: 178, train loss: 0.55, test loss: 1.40, test Accuracy: 88.77%\n"}
,{"stream_name":"stdout","time":5463.285603542,"data":"Epchs: 179, train loss: 0.53, test loss: 1.38, test Accuracy: 88.61%\n"}
,{"stream_name":"stdout","time":5494.169951924,"data":"Epchs: 180, train loss: 0.56, test loss: 1.44, test Accuracy: 88.71%\n"}
,{"stream_name":"stdout","time":5525.075425833,"data":"Epchs: 181, train loss: 0.50, test loss: 1.33, test Accuracy: 88.89%\n"}
,{"stream_name":"stdout","time":5555.507153813,"data":"Epchs: 182, train loss: 0.55, test loss: 1.34, test Accuracy: 88.35%\n"}
,{"stream_name":"stdout","time":5585.099124582,"data":"Epchs: 183, train loss: 0.53, test loss: 1.39, test Accuracy: 88.61%\n"}
,{"stream_name":"stdout","time":5614.717865953,"data":"Epchs: 184, train loss: 0.50, test loss: 1.45, test Accuracy: 88.89%\n"}
,{"stream_name":"stdout","time":5644.325937552,"data":"Epchs: 185, train loss: 0.53, test loss: 1.38, test Accuracy: 88.90%\n"}
,{"stream_name":"stdout","time":5673.75505807,"data":"Epchs: 186, train loss: 0.51, test loss: 1.53, test Accuracy: 88.46%\n"}
,{"stream_name":"stdout","time":5703.155144666,"data":"Epchs: 187, train loss: 0.54, test loss: 1.35, test Accuracy: 88.69%\n"}
,{"stream_name":"stdout","time":5732.478603842,"data":"Epchs: 188, train loss: 0.52, test loss: 1.32, test Accuracy: 88.81%\n"}
,{"stream_name":"stdout","time":5761.954207945,"data":"Epchs: 189, train loss: 0.52, test loss: 1.40, test Accuracy: 88.51%\n"}
,{"stream_name":"stdout","time":5791.393431573,"data":"Epchs: 190, train loss: 0.54, test loss: 1.35, test Accuracy: 88.55%\n"}
,{"stream_name":"stdout","time":5820.744544239,"data":"Epchs: 191, train loss: 0.49, test loss: 1.40, test Accuracy: 89.01%\n"}
,{"stream_name":"stdout","time":5850.370754428,"data":"Epchs: 192, train loss: 0.53, test loss: 1.43, test Accuracy: 88.36%\n"}
,{"stream_name":"stdout","time":5879.433175351,"data":"Epchs: 193, train loss: 0.51, test loss: 1.46, test Accuracy: 88.63%\n"}
,{"stream_name":"stdout","time":5908.498435541,"data":"Epchs: 194, train loss: 0.53, test loss: 1.35, test Accuracy: 89.24%\n"}
,{"stream_name":"stdout","time":5937.631621969,"data":"Epchs: 195, train loss: 0.52, test loss: 1.29, test Accuracy: 89.09%\n"}
,{"stream_name":"stdout","time":5966.754864078,"data":"Epchs: 196, train loss: 0.48, test loss: 1.51, test Accuracy: 88.70%\n"}
,{"stream_name":"stdout","time":5996.072080162,"data":"Epchs: 197, train loss: 0.48, test loss: 1.40, test Accuracy: 88.65%\n"}
,{"stream_name":"stdout","time":6025.695972626,"data":"Epchs: 198, train loss: 0.56, test loss: 1.37, test Accuracy: 89.01%\n"}
,{"stream_name":"stdout","time":6055.317589249,"data":"Epchs: 199, train loss: 0.47, test loss: 1.45, test Accuracy: 88.65%\n"}
,{"stream_name":"stdout","time":6084.728676287,"data":"Epchs: 200, train loss: 0.50, test loss: 1.39, test Accuracy: 88.73%\n"}
,{"stream_name":"stdout","time":6114.106501226,"data":"Epchs: 201, train loss: 0.46, test loss: 1.42, test Accuracy: 88.47%\n"}
,{"stream_name":"stdout","time":6143.580264737,"data":"Epchs: 202, train loss: 0.45, test loss: 1.48, test Accuracy: 88.75%\n"}
,{"stream_name":"stdout","time":6172.847788916,"data":"Epchs: 203, train loss: 0.49, test loss: 1.35, test Accuracy: 89.01%\n"}
,{"stream_name":"stdout","time":6202.073528467,"data":"Epchs: 204, train loss: 0.51, test loss: 1.34, test Accuracy: 88.71%\n"}
,{"stream_name":"stdout","time":6231.540326246,"data":"Epchs: 205, train loss: 0.50, test loss: 1.43, test Accuracy: 88.33%\n"}
,{"stream_name":"stdout","time":6261.237060114,"data":"Epchs: 206, train loss: 0.45, test loss: 1.43, test Accuracy: 88.59%\n"}
,{"stream_name":"stdout","time":6290.618973847,"data":"Epchs: 207, train loss: 0.46, test loss: 1.43, test Accuracy: 89.03%\n"}
,{"stream_name":"stdout","time":6320.216733802,"data":"Epchs: 208, train loss: 0.50, test loss: 1.48, test Accuracy: 88.05%\n"}
,{"stream_name":"stdout","time":6349.662092953,"data":"Epchs: 209, train loss: 0.50, test loss: 1.37, test Accuracy: 89.16%\n"}
,{"stream_name":"stdout","time":6378.926345101,"data":"Epchs: 210, train loss: 0.49, test loss: 1.37, test Accuracy: 89.00%\n"}
,{"stream_name":"stdout","time":6408.614589679,"data":"Epchs: 211, train loss: 0.47, test loss: 1.53, test Accuracy: 87.95%\n"}
,{"stream_name":"stdout","time":6437.9587869,"data":"Epchs: 212, train loss: 0.49, test loss: 1.46, test Accuracy: 88.63%\n"}
,{"stream_name":"stdout","time":6467.120732647,"data":"Epchs: 213, train loss: 0.46, test loss: 1.40, test Accuracy: 88.83%\n"}
,{"stream_name":"stdout","time":6496.37893157,"data":"Epchs: 214, train loss: 0.45, test loss: 1.45, test Accuracy: 88.55%\n"}
,{"stream_name":"stdout","time":6526.063095701,"data":"Epchs: 215, train loss: 0.47, test loss: 1.34, test Accuracy: 88.95%\n"}
,{"stream_name":"stdout","time":6555.810941115,"data":"Epchs: 216, train loss: 0.44, test loss: 1.44, test Accuracy: 89.12%\n"}
,{"stream_name":"stdout","time":6585.153410395,"data":"Epchs: 217, train loss: 0.47, test loss: 1.32, test Accuracy: 89.61%\n"}
,{"stream_name":"stdout","time":6614.944968528,"data":"Epchs: 218, train loss: 0.50, test loss: 1.38, test Accuracy: 88.88%\n"}
,{"stream_name":"stdout","time":6645.145972776,"data":"Epchs: 219, train loss: 0.44, test loss: 1.37, test Accuracy: 88.76%\n"}
,{"stream_name":"stdout","time":6674.892396744,"data":"Epchs: 220, train loss: 0.50, test loss: 1.41, test Accuracy: 88.48%\n"}
,{"stream_name":"stdout","time":6704.012991969,"data":"Epchs: 221, train loss: 0.46, test loss: 1.40, test Accuracy: 88.58%\n"}
,{"stream_name":"stdout","time":6733.472200532,"data":"Epchs: 222, train loss: 0.48, test loss: 1.36, test Accuracy: 88.82%\n"}
,{"stream_name":"stdout","time":6762.634002952,"data":"Epchs: 223, train loss: 0.45, test loss: 1.31, test Accuracy: 88.95%\n"}
,{"stream_name":"stdout","time":6792.801475468,"data":"Epchs: 224, train loss: 0.47, test loss: 1.36, test Accuracy: 89.00%\n"}
,{"stream_name":"stdout","time":6823.241985686,"data":"Epchs: 225, train loss: 0.45, test loss: 1.42, test Accuracy: 89.10%\n"}
,{"stream_name":"stdout","time":6853.691393923,"data":"Epchs: 226, train loss: 0.44, test loss: 1.49, test Accuracy: 88.35%\n"}
,{"stream_name":"stdout","time":6883.56608215,"data":"Epchs: 227, train loss: 0.46, test loss: 1.42, test Accuracy: 88.95%\n"}
,{"stream_name":"stdout","time":6913.635747719,"data":"Epchs: 228, train loss: 0.45, test loss: 1.37, test Accuracy: 88.72%\n"}
,{"stream_name":"stdout","time":6943.450447219,"data":"Epchs: 229, train loss: 0.45, test loss: 1.36, test Accuracy: 88.60%\n"}
,{"stream_name":"stdout","time":6972.530788719,"data":"Epchs: 230, train loss: 0.44, test loss: 1.34, test Accuracy: 89.03%\n"}
,{"stream_name":"stdout","time":7001.950707443,"data":"Epchs: 231, train loss: 0.47, test loss: 1.33, test Accuracy: 89.20%\n"}
,{"stream_name":"stdout","time":7031.251016916,"data":"Epchs: 232, train loss: 0.42, test loss: 1.45, test Accuracy: 88.91%\n"}
,{"stream_name":"stdout","time":7060.593905619,"data":"Epchs: 233, train loss: 0.42, test loss: 1.49, test Accuracy: 88.64%\n"}
,{"stream_name":"stdout","time":7090.001346528,"data":"Epchs: 234, train loss: 0.45, test loss: 1.40, test Accuracy: 88.97%\n"}
,{"stream_name":"stdout","time":7119.897284444,"data":"Epchs: 235, train loss: 0.42, test loss: 1.38, test Accuracy: 89.48%\n"}
,{"stream_name":"stdout","time":7149.998807375,"data":"Epchs: 236, train loss: 0.44, test loss: 1.45, test Accuracy: 89.73%\n"}
,{"stream_name":"stdout","time":7179.977717396,"data":"Epchs: 237, train loss: 0.47, test loss: 1.45, test Accuracy: 88.92%\n"}
,{"stream_name":"stdout","time":7210.070944784,"data":"Epchs: 238, train loss: 0.42, test loss: 1.39, test Accuracy: 89.20%\n"}
,{"stream_name":"stdout","time":7240.357354561,"data":"Epchs: 239, train loss: 0.44, test loss: 1.39, test Accuracy: 89.13%\n"}
,{"stream_name":"stdout","time":7270.391233685,"data":"Epchs: 240, train loss: 0.47, test loss: 1.41, test Accuracy: 88.70%\n"}
,{"stream_name":"stdout","time":7300.560375444,"data":"Epchs: 241, train loss: 0.43, test loss: 1.44, test Accuracy: 89.23%\n"}
,{"stream_name":"stdout","time":7330.843272055,"data":"Epchs: 242, train loss: 0.42, test loss: 1.48, test Accuracy: 88.88%\n"}
,{"stream_name":"stdout","time":7360.677917186,"data":"Epchs: 243, train loss: 0.41, test loss: 1.39, test Accuracy: 89.12%\n"}
,{"stream_name":"stdout","time":7390.230786967,"data":"Epchs: 244, train loss: 0.45, test loss: 1.46, test Accuracy: 88.71%\n"}
,{"stream_name":"stdout","time":7420.465373598,"data":"Epchs: 245, train loss: 0.46, test loss: 1.30, test Accuracy: 88.82%\n"}
,{"stream_name":"stdout","time":7450.635168806,"data":"Epchs: 246, train loss: 0.43, test loss: 1.37, test Accuracy: 88.84%\n"}
,{"stream_name":"stdout","time":7480.550757153,"data":"Epchs: 247, train loss: 0.39, test loss: 1.46, test Accuracy: 88.52%\n"}
,{"stream_name":"stdout","time":7510.436104112,"data":"Epchs: 248, train loss: 0.42, test loss: 1.38, test Accuracy: 88.75%\n"}
,{"stream_name":"stdout","time":7540.812421804,"data":"Epchs: 249, train loss: 0.42, test loss: 1.35, test Accuracy: 88.80%\n"}
,{"stream_name":"stdout","time":7570.612894699,"data":"Epchs: 250, train loss: 0.39, test loss: 1.35, test Accuracy: 89.32%\n"}
,{"stream_name":"stdout","time":7600.41314363,"data":"Epchs: 251, train loss: 0.43, test loss: 1.40, test Accuracy: 88.67%\n"}
,{"stream_name":"stdout","time":7630.549521059,"data":"Epchs: 252, train loss: 0.42, test loss: 1.38, test Accuracy: 89.07%\n"}
,{"stream_name":"stdout","time":7660.59835304,"data":"Epchs: 253, train loss: 0.43, test loss: 1.37, test Accuracy: 89.15%\n"}
,{"stream_name":"stdout","time":7690.783541301,"data":"Epchs: 254, train loss: 0.38, test loss: 1.47, test Accuracy: 88.60%\n"}
,{"stream_name":"stdout","time":7720.984599214,"data":"Epchs: 255, train loss: 0.40, test loss: 1.44, test Accuracy: 88.86%\n"}
,{"stream_name":"stdout","time":7751.575056548,"data":"Epchs: 256, train loss: 0.42, test loss: 1.49, test Accuracy: 88.90%\n"}
,{"stream_name":"stdout","time":7751.57510668,"data":"Finished Training\n"}
,{"stream_name":"stderr","time":7751.680774252,"data":"\u003cipython-input-2-e80770326886\u003e:233: UserWarning: This figure includes Axes that are not compatible with tight_layout, so results might be incorrect.\n"}
,{"stream_name":"stderr","time":7751.680829539,"data":"  plt.tight_layout()\n"}
,{"stream_name":"stderr","time":7757.133609711,"data":"/usr/local/lib/python3.10/dist-packages/traitlets/traitlets.py:2915: FutureWarning: --Exporter.preprocessors=[\"remove_papermill_header.RemovePapermillHeader\"] for containers is deprecated in traitlets 5.0. You can pass `--Exporter.preprocessors item` ... multiple times to add items to a list.\n"}
,{"stream_name":"stderr","time":7757.133668118,"data":"  warn(\n"}
,{"stream_name":"stderr","time":7757.166386426,"data":"[NbConvertApp] Converting notebook __notebook__.ipynb to notebook\n"}
,{"stream_name":"stderr","time":7757.528755562,"data":"[NbConvertApp] Writing 138139 bytes to __notebook__.ipynb\n"}
,{"stream_name":"stderr","time":7758.765831103,"data":"/usr/local/lib/python3.10/dist-packages/traitlets/traitlets.py:2915: FutureWarning: --Exporter.preprocessors=[\"nbconvert.preprocessors.ExtractOutputPreprocessor\"] for containers is deprecated in traitlets 5.0. You can pass `--Exporter.preprocessors item` ... multiple times to add items to a list.\n"}
,{"stream_name":"stderr","time":7758.765863549,"data":"  warn(\n"}
,{"stream_name":"stderr","time":7758.791161283,"data":"[NbConvertApp] Converting notebook __notebook__.ipynb to html\n"}
,{"stream_name":"stderr","time":7759.571982185,"data":"[NbConvertApp] Support files will be in __results___files/\n"}
,{"stream_name":"stderr","time":7759.572012096,"data":"[NbConvertApp] Making directory __results___files\n"}
,{"stream_name":"stderr","time":7759.572329085,"data":"[NbConvertApp] Writing 352558 bytes to __results__.html\n"}
]